<?xml version="1.0" encoding="UTF-8"?>
<!-- Generated by org.testng.reporters.JUnitReportReporter -->
<testsuite hostname="LAPTOP-M8PGPC8C" failures="0" tests="1" name="com.Demo_Orange.TestCases.Timesheets_john" time="21.956" errors="0" timestamp="2021-06-27T00:49:44 IST" skipped="0">
  <testcase classname="com.Demo_Orange.TestCases.Timesheets_john" name="timesheet" time="21.956"/>
  <system-out/>
</testsuite> <!-- com.Demo_Orange.TestCases.Timesheets_john -->
