<?xml version="1.0" encoding="UTF-8"?>
<!-- Generated by org.testng.reporters.JUnitReportReporter -->
<testsuite hostname="LAPTOP-M8PGPC8C" failures="0" tests="1" name="com.Demo_Orange.TestCases.Recuiters" time="57.636" errors="0" timestamp="2021-06-27T15:57:07 IST" skipped="0">
  <testcase classname="com.Demo_Orange.TestCases.Recuiters" name="recuit" time="57.636"/>
  <system-out/>
</testsuite> <!-- com.Demo_Orange.TestCases.Recuiters -->
